0 info it worked if it ends with ok
1 verbose cli [ '/Users/moxuse/.nodebrew/node/v0.10.18/bin/node',
1 verbose cli   '/Users/moxuse/.nodebrew/current/bin/npm',
1 verbose cli   'install',
1 verbose cli   'Backbone.CrossDomain' ]
2 info using npm@1.3.8
3 info using node@v0.10.18
4 verbose readDependencies using package.json deps
5 verbose cache add [ 'Backbone.CrossDomain', null ]
6 verbose cache add name=undefined spec="Backbone.CrossDomain" args=["Backbone.CrossDomain",null]
7 verbose parsed url { protocol: null,
7 verbose parsed url   slashes: null,
7 verbose parsed url   auth: null,
7 verbose parsed url   host: null,
7 verbose parsed url   port: null,
7 verbose parsed url   hostname: null,
7 verbose parsed url   hash: null,
7 verbose parsed url   search: null,
7 verbose parsed url   query: null,
7 verbose parsed url   pathname: 'Backbone.CrossDomain',
7 verbose parsed url   path: 'Backbone.CrossDomain',
7 verbose parsed url   href: 'Backbone.CrossDomain' }
8 silly lockFile 19b18f42-Backbone-CrossDomain Backbone.CrossDomain
9 verbose lock Backbone.CrossDomain /Users/moxuse/.npm/19b18f42-Backbone-CrossDomain.lock
10 silly lockFile 19b18f42-Backbone-CrossDomain Backbone.CrossDomain
11 silly lockFile 19b18f42-Backbone-CrossDomain Backbone.CrossDomain
12 verbose addNamed [ 'Backbone.CrossDomain', '' ]
13 verbose addNamed [ null, '*' ]
14 silly lockFile 6f4169ff-Backbone-CrossDomain Backbone.CrossDomain@
15 verbose lock Backbone.CrossDomain@ /Users/moxuse/.npm/6f4169ff-Backbone-CrossDomain.lock
16 silly addNameRange { name: 'Backbone.CrossDomain', range: '*', hasData: false }
17 verbose url raw Backbone.CrossDomain
18 verbose url resolving [ 'https://registry.npmjs.org/', './Backbone.CrossDomain' ]
19 verbose url resolved https://registry.npmjs.org/Backbone.CrossDomain
20 info trying registry request attempt 1 at 10:10:30
21 http GET https://registry.npmjs.org/Backbone.CrossDomain
22 http 404 https://registry.npmjs.org/Backbone.CrossDomain
23 silly registry.get cb [ 404,
23 silly registry.get   { server: 'CouchDB/1.3.1 (Erlang OTP/R15B03)',
23 silly registry.get     date: 'Mon, 11 Nov 2013 01:10:32 GMT',
23 silly registry.get     'content-type': 'application/json',
23 silly registry.get     'content-length': '52',
23 silly registry.get     'cache-control': 'must-revalidate' } ]
24 silly lockFile 6f4169ff-Backbone-CrossDomain Backbone.CrossDomain@
25 silly lockFile 6f4169ff-Backbone-CrossDomain Backbone.CrossDomain@
26 error 404 'Backbone.CrossDomain' is not in the npm registry.
26 error 404 You should bug the author to publish it
26 error 404
26 error 404 Note that you can also install from a
26 error 404 tarball, folder, or http url, or git url.
27 error System Darwin 13.0.0
28 error command "/Users/moxuse/.nodebrew/node/v0.10.18/bin/node" "/Users/moxuse/.nodebrew/current/bin/npm" "install" "Backbone.CrossDomain"
29 error cwd /dev-app/radiation-monitor
30 error node -v v0.10.18
31 error npm -v 1.3.8
32 error code E404
33 verbose exit [ 1, true ]
